<?xml version="1.0" encoding="UTF-8" ?>
<testsuite tests="6" failures="0" name="com.github.zhangkaitao.shiro.chapter2.AuthenticatorTest" time="0.264" errors="0" skipped="0">
  <properties>
[...]
</properties>
  <testcase classname="com.github.zhangkaitao.shiro.chapter2.AuthenticatorTest" name="testFirstOneSuccessfulStrategyWithSuccess" time="0.257"/>
  <testcase classname="com.github.zhangkaitao.shiro.chapter2.AuthenticatorTest" name="testAtLeastOneSuccessfulStrategyWithSuccess" time="0.001"/>
  <testcase classname="com.github.zhangkaitao.shiro.chapter2.AuthenticatorTest" name="testAllSuccessfulStrategyWithSuccess" time="0.002"/>
  <testcase classname="com.github.zhangkaitao.shiro.chapter2.AuthenticatorTest" name="testAllSuccessfulStrategyWithFail" time="0.001"/>
  <testcase classname="com.github.zhangkaitao.shiro.chapter2.AuthenticatorTest" name="testAtLeastTwoStrategyWithSuccess" time="0.002"/>
  <testcase classname="com.github.zhangkaitao.shiro.chapter2.AuthenticatorTest" name="testOnlyOneStrategyWithSuccess" time="0.001"/>
</testsuite>